
> nextjs_tailwind_shadcn_ts@0.2.0 dev
> next dev -p 3000

▲ Next.js 16.1.6 (Turbopack)
- Local:         http://localhost:3000
- Network:       http://192.168.0.2:3000

✓ Starting...
✓ Ready in 2.2s
○ Compiling /login ...
 GET /login?callbackUrl=%2F 200 in 5.8s (compile: 5.3s, render: 488ms)
 GET /login?callbackUrl=%2Fapi%2Fsettings 200 in 346ms (compile: 22ms, render: 324ms)
[PrismaClient] Connection failed: Error [PrismaClientInitializationError]: error: Error validating datasource `db`: the URL must start with the protocol `postgresql://` or `postgres://`.
  -->  schema.prisma:10
   |
 9 |   provider  = "postgresql"
10 |   url       = env("DATABASE_URL")
   |

Validation Error Count: 1
    at <unknown> (-->  schema.prisma:10) {
  clientVersion: '6.19.2',
  errorCode: 'P1012',
  retryable: undefined
}
[next-auth][warn][NEXTAUTH_URL]
https://next-auth.js.org/warnings#nextauth_url
 GET /api/auth/session 200 in 4.6s (compile: 4.6s, render: 69ms)
[PrismaClient] Connection failed: Error [PrismaClientInitializationError]: error: Error validating datasource `db`: the URL must start with the protocol `postgresql://` or `postgres://`.
  -->  schema.prisma:10
   |
 9 |   provider  = "postgresql"
10 |   url       = env("DATABASE_URL")
   |

Validation Error Count: 1
    at <unknown> (-->  schema.prisma:10) {
  clientVersion: '6.19.2',
  errorCode: 'P1012',
  retryable: undefined
}
 GET /login?callbackUrl=%2F 200 in 83ms (compile: 5ms, render: 78ms)
 GET /api/auth/session 200 in 55ms (compile: 33ms, render: 23ms)
 GET /login?callbackUrl=%2Fapi%2Fsettings 200 in 158ms (compile: 3ms, render: 155ms)
[PrismaClient] Connection failed: Error [PrismaClientInitializationError]: error: Error validating datasource `db`: the URL must start with the protocol `postgresql://` or `postgres://`.
  -->  schema.prisma:10
   |
 9 |   provider  = "postgresql"
10 |   url       = env("DATABASE_URL")
   |

Validation Error Count: 1
    at <unknown> (-->  schema.prisma:10) {
  clientVersion: '6.19.2',
  errorCode: 'P1012',
  retryable: undefined
}
 GET /login?callbackUrl=%2F 200 in 95ms (compile: 3ms, render: 92ms)
 GET /api/auth/session 200 in 46ms (compile: 29ms, render: 17ms)
 GET /login?callbackUrl=%2Fapi%2Fsettings 200 in 83ms (compile: 10ms, render: 73ms)
[PrismaClient] Connection failed: Error [PrismaClientInitializationError]: error: Error validating datasource `db`: the URL must start with the protocol `postgresql://` or `postgres://`.
  -->  schema.prisma:10
   |
 9 |   provider  = "postgresql"
10 |   url       = env("DATABASE_URL")
   |

Validation Error Count: 1
    at <unknown> (-->  schema.prisma:10) {
  clientVersion: '6.19.2',
  errorCode: 'P1012',
  retryable: undefined
}
Persisting failed: Unable to write SST file 00000037.sst

Caused by:
    No such file or directory (os error 2)
Persisting failed: Another write batch or compaction is already active (Only a single write operations is allowed at a time)
